Compiling the C compiler identification source file "CMakeCCompilerId.c" failed.
Compiler: /home/krzysztof/toolchains/gcc-arm-none-eabi-10.3-2021.10/bin/arm-none-eabi-gcc 
Build flags: ;-mcpu=cortex-m4;-mfpu=fpv4-sp-d16;-mfloat-abi=hard;;-Wall;-Wextra;-Wpedantic;-fdata-sections;-ffunction-sections;-save-temps=obj;-O0;-g3;-mcpu=cortex-m4;-mfpu=fpv4-sp-d16;-mfloat-abi=hard;;-Wall;-Wextra;-Wpedantic;-fdata-sections;-ffunction-sections;-save-temps=obj;-O0;-g3;-mcpu=cortex-m4;-mfpu=fpv4-sp-d16;-mfloat-abi=hard;;-Wall;-Wextra;-Wpedantic;-fdata-sections;-ffunction-sections;-save-temps=obj;-O0;-g3
Id flags:  

The output was:
1
/home/krzysztof/toolchains/gcc-arm-none-eabi-10.3-2021.10/bin/../lib/gcc/arm-none-eabi/10.3.1/../../../../arm-none-eabi/bin/ld: /home/krzysztof/toolchains/gcc-arm-none-eabi-10.3-2021.10/bin/../lib/gcc/arm-none-eabi/10.3.1/../../../../arm-none-eabi/lib/thumb/v7e-m+fp/hard/libg.a(lib_a-exit.o): in function `exit':
exit.c:(.text.exit+0x16): undefined reference to `_exit'
collect2: error: ld returned 1 exit status


The C compiler identification could not be found in "/home/krzysztof/Magisterka/freeRTOSTest/build/Debug/CMakeFiles/3.22.1/CompilerIdC/CMakeCCompilerId.i"

Compiling the CXX compiler identification source file "CMakeCXXCompilerId.cpp" failed.
Compiler: /home/krzysztof/toolchains/gcc-arm-none-eabi-10.3-2021.10/bin/arm-none-eabi-g++ 
Build flags: ;-mcpu=cortex-m4;-mfpu=fpv4-sp-d16;-mfloat-abi=hard;;-Wall;-Wextra;-Wpedantic;-fdata-sections;-ffunction-sections;-save-temps=obj;-O0;-g3;-mcpu=cortex-m4;-mfpu=fpv4-sp-d16;-mfloat-abi=hard;;-Wall;-Wextra;-Wpedantic;-fdata-sections;-ffunction-sections;-save-temps=obj;-O0;-g3;-mcpu=cortex-m4;-mfpu=fpv4-sp-d16;-mfloat-abi=hard;;-Wall;-Wextra;-Wpedantic;-fdata-sections;-ffunction-sections;-save-temps=obj;-O0;-g3;-fno-rtti;-fno-exceptions;-fno-threadsafe-statics
Id flags:  

The output was:
1
/home/krzysztof/toolchains/gcc-arm-none-eabi-10.3-2021.10/bin/../lib/gcc/arm-none-eabi/10.3.1/../../../../arm-none-eabi/bin/ld: /home/krzysztof/toolchains/gcc-arm-none-eabi-10.3-2021.10/bin/../lib/gcc/arm-none-eabi/10.3.1/../../../../arm-none-eabi/lib/thumb/v7e-m+fp/hard/libg.a(lib_a-exit.o): in function `exit':
exit.c:(.text.exit+0x16): undefined reference to `_exit'
collect2: error: ld returned 1 exit status


The CXX compiler identification could not be found in "/home/krzysztof/Magisterka/freeRTOSTest/build/Debug/CMakeFiles/3.22.1/CompilerIdCXX/CMakeCXXCompilerId.ii"

